{"C:\\OPS\\OSPanel\\domains\\react-app.com\\src\\config.data.js": {"path":"C:\\OPS\\OSPanel\\domains\\react-app.com\\src\\config.data.js","statementMap":{"0":{"start":{"line":1,"column":20},"end":{"line":1,"column":29}},"1":{"start":{"line":2,"column":20},"end":{"line":2,"column":29}},"2":{"start":{"line":3,"column":17},"end":{"line":8,"column":1}}},"fnMap":{},"branchMap":{},"s":{"0":2,"1":2,"2":2},"f":{},"b":{},"_coverageSchema":"1a1c01bbd47fc00a2c39e90264f33305004495a9","hash":"938cea8f80ec3c27545a75f722687c9989672699"}
,"C:\\OPS\\OSPanel\\domains\\react-app.com\\src\\components\\button\\Button.jsx": {"path":"C:\\OPS\\OSPanel\\domains\\react-app.com\\src\\components\\button\\Button.jsx","statementMap":{"0":{"start":{"line":5,"column":15},"end":{"line":9,"column":1}},"1":{"start":{"line":6,"column":2},"end":{"line":8,"column":11}},"2":{"start":{"line":6,"column":58},"end":{"line":6,"column":71}},"3":{"start":{"line":10,"column":0},"end":{"line":13,"column":2}}},"fnMap":{"0":{"name":"(anonymous_0)","decl":{"start":{"line":5,"column":15},"end":{"line":5,"column":16}},"loc":{"start":{"line":6,"column":2},"end":{"line":8,"column":11}},"line":6},"1":{"name":"(anonymous_1)","decl":{"start":{"line":6,"column":52},"end":{"line":6,"column":53}},"loc":{"start":{"line":6,"column":58},"end":{"line":6,"column":71}},"line":6}},"branchMap":{},"s":{"0":3,"1":1,"2":1,"3":3},"f":{"0":1,"1":1},"b":{},"_coverageSchema":"1a1c01bbd47fc00a2c39e90264f33305004495a9","hash":"36469b0908420121f2601c026e2c12f7d78921be"}
,"C:\\OPS\\OSPanel\\domains\\react-app.com\\src\\components\\name\\Name.jsx": {"path":"C:\\OPS\\OSPanel\\domains\\react-app.com\\src\\components\\name\\Name.jsx","statementMap":{"0":{"start":{"line":5,"column":13},"end":{"line":21,"column":1}},"1":{"start":{"line":7,"column":39},"end":{"line":7,"column":47}},"2":{"start":{"line":8,"column":2},"end":{"line":20,"column":4}},"3":{"start":{"line":23,"column":0},"end":{"line":30,"column":2}},"4":{"start":{"line":32,"column":0},"end":{"line":34,"column":2}}},"fnMap":{"0":{"name":"(anonymous_0)","decl":{"start":{"line":5,"column":13},"end":{"line":5,"column":14}},"loc":{"start":{"line":5,"column":31},"end":{"line":21,"column":1}},"line":5}},"branchMap":{},"s":{"0":3,"1":1,"2":1,"3":3,"4":3},"f":{"0":1},"b":{},"_coverageSchema":"1a1c01bbd47fc00a2c39e90264f33305004495a9","hash":"2359477b8352744a4f1e4f7c2a00fbad9c680afd"}
,"C:\\OPS\\OSPanel\\domains\\react-app.com\\src\\components\\search\\Search.jsx": {"path":"C:\\OPS\\OSPanel\\domains\\react-app.com\\src\\components\\search\\Search.jsx","statementMap":{"0":{"start":{"line":7,"column":15},"end":{"line":19,"column":1}},"1":{"start":{"line":8,"column":2},"end":{"line":18,"column":8}},"2":{"start":{"line":13,"column":21},"end":{"line":13,"column":30}},"3":{"start":{"line":21,"column":24},"end":{"line":24,"column":1}},"4":{"start":{"line":22,"column":2},"end":{"line":22,"column":21}},"5":{"start":{"line":23,"column":2},"end":{"line":23,"column":15}}},"fnMap":{"0":{"name":"(anonymous_0)","decl":{"start":{"line":7,"column":15},"end":{"line":7,"column":16}},"loc":{"start":{"line":8,"column":2},"end":{"line":18,"column":8}},"line":8},"1":{"name":"(anonymous_1)","decl":{"start":{"line":13,"column":15},"end":{"line":13,"column":16}},"loc":{"start":{"line":13,"column":21},"end":{"line":13,"column":30}},"line":13},"2":{"name":"(anonymous_2)","decl":{"start":{"line":21,"column":24},"end":{"line":21,"column":25}},"loc":{"start":{"line":21,"column":35},"end":{"line":24,"column":1}},"line":21}},"branchMap":{},"s":{"0":3,"1":0,"2":0,"3":3,"4":0,"5":0},"f":{"0":0,"1":0,"2":0},"b":{},"_coverageSchema":"1a1c01bbd47fc00a2c39e90264f33305004495a9","hash":"c27f5f67b9ea7e162042f263a004dbdc9ea7580d"}
,"C:\\OPS\\OSPanel\\domains\\react-app.com\\src\\modules\\Reducer.js": {"path":"C:\\OPS\\OSPanel\\domains\\react-app.com\\src\\modules\\Reducer.js","statementMap":{},"fnMap":{},"branchMap":{},"s":{},"f":{},"b":{}}
,"C:\\OPS\\OSPanel\\domains\\react-app.com\\src\\pages\\Back.jsx": {"path":"C:\\OPS\\OSPanel\\domains\\react-app.com\\src\\pages\\Back.jsx","statementMap":{"0":{"start":{"line":11,"column":20},"end":{"line":13,"column":1}},"1":{"start":{"line":12,"column":2},"end":{"line":12,"column":37}},"2":{"start":{"line":15,"column":16},"end":{"line":17,"column":1}},"3":{"start":{"line":16,"column":2},"end":{"line":16,"column":58}},"4":{"start":{"line":19,"column":13},"end":{"line":34,"column":1}},"5":{"start":{"line":20,"column":2},"end":{"line":33,"column":8}}},"fnMap":{"0":{"name":"(anonymous_0)","decl":{"start":{"line":11,"column":20},"end":{"line":11,"column":21}},"loc":{"start":{"line":11,"column":30},"end":{"line":13,"column":1}},"line":11},"1":{"name":"(anonymous_1)","decl":{"start":{"line":15,"column":16},"end":{"line":15,"column":17}},"loc":{"start":{"line":15,"column":22},"end":{"line":17,"column":1}},"line":15},"2":{"name":"(anonymous_2)","decl":{"start":{"line":19,"column":13},"end":{"line":19,"column":14}},"loc":{"start":{"line":20,"column":2},"end":{"line":33,"column":8}},"line":20}},"branchMap":{},"s":{"0":2,"1":0,"2":2,"3":0,"4":2,"5":0},"f":{"0":0,"1":0,"2":0},"b":{},"_coverageSchema":"1a1c01bbd47fc00a2c39e90264f33305004495a9","hash":"4ac1cb5a344ae9c2de996a8018e63bd80fab9f1e"}
,"C:\\OPS\\OSPanel\\domains\\react-app.com\\src\\redux\\actions.js": {"path":"C:\\OPS\\OSPanel\\domains\\react-app.com\\src\\redux\\actions.js","statementMap":{},"fnMap":{},"branchMap":{},"s":{},"f":{},"b":{}}
,"C:\\OPS\\OSPanel\\domains\\react-app.com\\src\\redux\\reducer.js": {"path":"C:\\OPS\\OSPanel\\domains\\react-app.com\\src\\redux\\reducer.js","statementMap":{"0":{"start":{"line":4,"column":16},"end":{"line":6,"column":2}}},"fnMap":{},"branchMap":{},"s":{"0":0},"f":{},"b":{}}
,"C:\\OPS\\OSPanel\\domains\\react-app.com\\src\\redux\\searchReducer.js": {"path":"C:\\OPS\\OSPanel\\domains\\react-app.com\\src\\redux\\searchReducer.js","statementMap":{},"fnMap":{},"branchMap":{},"s":{},"f":{},"b":{}}
,"C:\\OPS\\OSPanel\\domains\\react-app.com\\src\\redux\\types.js": {"path":"C:\\OPS\\OSPanel\\domains\\react-app.com\\src\\redux\\types.js","statementMap":{"0":{"start":{"line":1,"column":22},"end":{"line":1,"column":30}}},"fnMap":{},"branchMap":{},"s":{"0":0},"f":{},"b":{}}
}
